Determining if the pthread_create exist failed with the following output:
Change Dir: /home/sitl/UAV_Class/uav_simulation/build/CMakeFiles/CMakeTmp

Run Build Command:"/usr/bin/make" "cmTryCompileExec979672428/fast"
/usr/bin/make -f CMakeFiles/cmTryCompileExec979672428.dir/build.make CMakeFiles/cmTryCompileExec979672428.dir/build
make[1]: Entering directory `/home/sitl/UAV_Class/uav_simulation/build/CMakeFiles/CMakeTmp'
/usr/bin/cmake -E cmake_progress_report /home/sitl/UAV_Class/uav_simulation/build/CMakeFiles/CMakeTmp/CMakeFiles 1
Building C object CMakeFiles/cmTryCompileExec979672428.dir/CheckSymbolExists.c.o
/usr/bin/cc    -o CMakeFiles/cmTryCompileExec979672428.dir/CheckSymbolExists.c.o   -c /home/sitl/UAV_Class/uav_simulation/build/CMakeFiles/CMakeTmp/CheckSymbolExists.c
Linking C executable cmTryCompileExec979672428
/usr/bin/cmake -E cmake_link_script CMakeFiles/cmTryCompileExec979672428.dir/link.txt --verbose=1
/usr/bin/cc       CMakeFiles/cmTryCompileExec979672428.dir/CheckSymbolExists.c.o  -o cmTryCompileExec979672428 -rdynamic 
CMakeFiles/cmTryCompileExec979672428.dir/CheckSymbolExists.c.o: In function `main':
CheckSymbolExists.c:(.text+0x16): undefined reference to `pthread_create'
collect2: error: ld returned 1 exit status
make[1]: Leaving directory `/home/sitl/UAV_Class/uav_simulation/build/CMakeFiles/CMakeTmp'
make[1]: *** [cmTryCompileExec979672428] Error 1
make: *** [cmTryCompileExec979672428/fast] Error 2

File /home/sitl/UAV_Class/uav_simulation/build/CMakeFiles/CMakeTmp/CheckSymbolExists.c:
/* */
#include <pthread.h>

int main(int argc, char** argv)
{
  (void)argv;
#ifndef pthread_create
  return ((int*)(&pthread_create))[argc];
#else
  (void)argc;
  return 0;
#endif
}

Determining if the function pthread_create exists in the pthreads failed with the following output:
Change Dir: /home/sitl/UAV_Class/uav_simulation/build/CMakeFiles/CMakeTmp

Run Build Command:"/usr/bin/make" "cmTryCompileExec2029290300/fast"
/usr/bin/make -f CMakeFiles/cmTryCompileExec2029290300.dir/build.make CMakeFiles/cmTryCompileExec2029290300.dir/build
make[1]: Entering directory `/home/sitl/UAV_Class/uav_simulation/build/CMakeFiles/CMakeTmp'
/usr/bin/cmake -E cmake_progress_report /home/sitl/UAV_Class/uav_simulation/build/CMakeFiles/CMakeTmp/CMakeFiles 1
Building C object CMakeFiles/cmTryCompileExec2029290300.dir/CheckFunctionExists.c.o
/usr/bin/cc   -DCHECK_FUNCTION_EXISTS=pthread_create   -o CMakeFiles/cmTryCompileExec2029290300.dir/CheckFunctionExists.c.o   -c /usr/share/cmake-3.2/Modules/CheckFunctionExists.c
Linking C executable cmTryCompileExec2029290300
/usr/bin/cmake -E cmake_link_script CMakeFiles/cmTryCompileExec2029290300.dir/link.txt --verbose=1
/usr/bin/cc   -DCHECK_FUNCTION_EXISTS=pthread_create    CMakeFiles/cmTryCompileExec2029290300.dir/CheckFunctionExists.c.o  -o cmTryCompileExec2029290300 -rdynamic -lpthreads 
/usr/bin/ld: cannot find -lpthreads
collect2: error: ld returned 1 exit status
make[1]: Leaving directory `/home/sitl/UAV_Class/uav_simulation/build/CMakeFiles/CMakeTmp'
make[1]: *** [cmTryCompileExec2029290300] Error 1
make: *** [cmTryCompileExec2029290300/fast] Error 2


